android/app/build/intermediates/manifest_merge_blame_file/release/processReleaseMainManifest/manifest-merger-blame-release-report.txt
1<?xml version="1.0" encoding="utf-8"?>
2<manifest xmlns:android="http://schemas.android.com/apk/res/android"
3    package="app.soulo.online"
4    android:versionCode="1"
5    android:versionName="1.0" >
6
7    <uses-sdk
8        android:minSdkVersion="22"
9        android:targetSdkVersion="34" />
10
11    <uses-permission android:name="android.permission.INTERNET" />
11-->src\main\AndroidManifest.xml:5:5-67
11-->src\main\AndroidManifest.xml:5:22-64
12    <uses-permission android:name="android.permission.ACCESS_NETWORK_STATE" />
12-->src\main\AndroidManifest.xml:6:5-79
12-->src\main\AndroidManifest.xml:6:22-76
13    <uses-permission android:name="android.permission.RECORD_AUDIO" />
13-->src\main\AndroidManifest.xml:7:5-71
13-->src\main\AndroidManifest.xml:7:22-68
14    <uses-permission android:name="android.permission.MODIFY_AUDIO_SETTINGS" />
14-->src\main\AndroidManifest.xml:8:5-80
14-->src\main\AndroidManifest.xml:8:22-77
15    <uses-permission android:name="android.permission.WRITE_EXTERNAL_STORAGE" />
15-->src\main\AndroidManifest.xml:9:5-81
15-->src\main\AndroidManifest.xml:9:22-78
16    <uses-permission android:name="android.permission.READ_EXTERNAL_STORAGE" />
16-->src\main\AndroidManifest.xml:10:5-80
16-->src\main\AndroidManifest.xml:10:22-77
17    <uses-permission android:name="android.permission.WAKE_LOCK" />
17-->src\main\AndroidManifest.xml:11:5-68
17-->src\main\AndroidManifest.xml:11:22-65
18    <uses-permission android:name="android.permission.VIBRATE" />
18-->src\main\AndroidManifest.xml:12:5-66
18-->src\main\AndroidManifest.xml:12:22-63
19    <uses-permission android:name="android.permission.POST_NOTIFICATIONS" />
19-->src\main\AndroidManifest.xml:13:5-77
19-->src\main\AndroidManifest.xml:13:22-74
20    <uses-permission android:name="com.android.alarm.permission.SET_ALARM" />
20-->src\main\AndroidManifest.xml:14:5-78
20-->src\main\AndroidManifest.xml:14:22-75
21    <uses-permission android:name="android.permission.RECEIVE_BOOT_COMPLETED" />
21-->src\main\AndroidManifest.xml:15:5-81
21-->src\main\AndroidManifest.xml:15:22-78
22    <uses-permission android:name="android.permission.FOREGROUND_SERVICE" />
22-->src\main\AndroidManifest.xml:16:5-77
22-->src\main\AndroidManifest.xml:16:22-74
23    <!-- Google Auth permissions -->
24    <uses-permission android:name="android.permission.GET_ACCOUNTS" />
24-->src\main\AndroidManifest.xml:18:5-71
24-->src\main\AndroidManifest.xml:18:22-68
25    <uses-permission android:name="android.permission.USE_CREDENTIALS" />
25-->src\main\AndroidManifest.xml:19:5-74
25-->src\main\AndroidManifest.xml:19:22-71
26
27    <queries>
27-->[:capacitor-browser] AndroidManifest.xml:7:5-11:15
28        <intent>
28-->[:capacitor-browser] AndroidManifest.xml:8:9-10:18
29            <action android:name="android.support.customtabs.action.CustomTabsService" />
29-->[:capacitor-browser] AndroidManifest.xml:9:13-90
29-->[:capacitor-browser] AndroidManifest.xml:9:21-87
30        </intent>
31    </queries> <!-- Required by older versions of Google Play services to create IID tokens -->
32    <uses-permission android:name="com.google.android.c2dm.permission.RECEIVE" />
32-->[com.google.firebase:firebase-messaging:23.2.1] AndroidManifest.xml:26:5-82
32-->[com.google.firebase:firebase-messaging:23.2.1] AndroidManifest.xml:26:22-79
33
34    <permission
34-->[androidx.core:core:1.10.1] AndroidManifest.xml:22:5-24:47
35        android:name="app.soulo.online.DYNAMIC_RECEIVER_NOT_EXPORTED_PERMISSION"
35-->[androidx.core:core:1.10.1] AndroidManifest.xml:23:9-81
36        android:protectionLevel="signature" />
36-->[androidx.core:core:1.10.1] AndroidManifest.xml:24:9-44
37
38    <uses-permission android:name="app.soulo.online.DYNAMIC_RECEIVER_NOT_EXPORTED_PERMISSION" />
38-->[androidx.core:core:1.10.1] AndroidManifest.xml:26:5-97
38-->[androidx.core:core:1.10.1] AndroidManifest.xml:26:22-94
39
40    <application
40-->src\main\AndroidManifest.xml:21:5-78:19
41        android:allowBackup="true"
41-->src\main\AndroidManifest.xml:22:9-35
42        android:appComponentFactory="androidx.core.app.CoreComponentFactory"
42-->[androidx.core:core:1.10.1] AndroidManifest.xml:28:18-86
43        android:extractNativeLibs="true"
44        android:hardwareAccelerated="true"
44-->src\main\AndroidManifest.xml:29:9-43
45        android:icon="@mipmap/ic_launcher"
45-->src\main\AndroidManifest.xml:23:9-43
46        android:label="@string/app_name"
46-->src\main\AndroidManifest.xml:25:9-41
47        android:largeHeap="true"
47-->src\main\AndroidManifest.xml:30:9-33
48        android:networkSecurityConfig="@xml/network_security_config"
48-->src\main\AndroidManifest.xml:31:9-69
49        android:requestLegacyExternalStorage="true"
49-->src\main\AndroidManifest.xml:28:9-52
50        android:roundIcon="@mipmap/ic_launcher_round"
50-->src\main\AndroidManifest.xml:24:9-54
51        android:theme="@style/AppTheme"
51-->src\main\AndroidManifest.xml:26:9-40
52        android:usesCleartextTraffic="true" >
52-->src\main\AndroidManifest.xml:27:9-44
53        <activity
53-->src\main\AndroidManifest.xml:34:9-64:20
54            android:name="app.soulo.online.MainActivity"
54-->src\main\AndroidManifest.xml:35:13-41
55            android:configChanges="orientation|keyboardHidden|keyboard|screenSize|locale|smallestScreenSize|screenLayout|uiMode"
55-->src\main\AndroidManifest.xml:41:13-129
56            android:exported="true"
56-->src\main\AndroidManifest.xml:36:13-36
57            android:launchMode="singleTask"
57-->src\main\AndroidManifest.xml:37:13-44
58            android:screenOrientation="portrait"
58-->src\main\AndroidManifest.xml:40:13-49
59            android:theme="@style/AppTheme.NoActionBarLaunch"
59-->src\main\AndroidManifest.xml:38:13-62
60            android:windowSoftInputMode="adjustResize" >
60-->src\main\AndroidManifest.xml:39:13-55
61            <intent-filter android:autoVerify="true" >
61-->src\main\AndroidManifest.xml:43:13-46:29
61-->src\main\AndroidManifest.xml:43:28-53
62                <action android:name="android.intent.action.MAIN" />
62-->src\main\AndroidManifest.xml:44:17-69
62-->src\main\AndroidManifest.xml:44:25-66
63
64                <category android:name="android.intent.category.LAUNCHER" />
64-->src\main\AndroidManifest.xml:45:17-77
64-->src\main\AndroidManifest.xml:45:27-74
65            </intent-filter>
66            <intent-filter android:autoVerify="true" >
66-->src\main\AndroidManifest.xml:48:13-54:29
66-->src\main\AndroidManifest.xml:48:28-53
67                <action android:name="android.intent.action.VIEW" />
67-->src\main\AndroidManifest.xml:49:17-69
67-->src\main\AndroidManifest.xml:49:25-66
68
69                <category android:name="android.intent.category.DEFAULT" />
69-->src\main\AndroidManifest.xml:50:17-76
69-->src\main\AndroidManifest.xml:50:27-73
70                <category android:name="android.intent.category.BROWSABLE" />
70-->src\main\AndroidManifest.xml:51:17-78
70-->src\main\AndroidManifest.xml:51:27-75
71
72                <data
72-->src\main\AndroidManifest.xml:52:17-53:51
73                    android:host="soulo.online"
73-->src\main\AndroidManifest.xml:53:21-48
74                    android:scheme="https" />
74-->src\main\AndroidManifest.xml:52:23-45
75            </intent-filter>
76
77            <!-- Handle OAuth callbacks via custom URL scheme -->
78            <intent-filter android:autoVerify="true" >
78-->src\main\AndroidManifest.xml:57:13-62:29
78-->src\main\AndroidManifest.xml:57:28-53
79                <action android:name="android.intent.action.VIEW" />
79-->src\main\AndroidManifest.xml:49:17-69
79-->src\main\AndroidManifest.xml:49:25-66
80
81                <category android:name="android.intent.category.DEFAULT" />
81-->src\main\AndroidManifest.xml:50:17-76
81-->src\main\AndroidManifest.xml:50:27-73
82                <category android:name="android.intent.category.BROWSABLE" />
82-->src\main\AndroidManifest.xml:51:17-78
82-->src\main\AndroidManifest.xml:51:27-75
83
84                <data android:scheme="app.soulo.online" />
84-->src\main\AndroidManifest.xml:52:17-53:51
84-->src\main\AndroidManifest.xml:52:23-45
85            </intent-filter>
86        </activity>
87
88        <provider
89            android:name="androidx.core.content.FileProvider"
89-->src\main\AndroidManifest.xml:67:13-62
90            android:authorities="app.soulo.online.fileprovider"
90-->src\main\AndroidManifest.xml:68:13-64
91            android:exported="false"
91-->src\main\AndroidManifest.xml:69:13-37
92            android:grantUriPermissions="true" >
92-->src\main\AndroidManifest.xml:70:13-47
93            <meta-data
93-->src\main\AndroidManifest.xml:71:13-73:54
94                android:name="android.support.FILE_PROVIDER_PATHS"
94-->src\main\AndroidManifest.xml:72:17-67
95                android:resource="@xml/file_paths" />
95-->src\main\AndroidManifest.xml:73:17-51
96        </provider>
97
98        <receiver android:name="com.getcapacitor.plugin.notification.NotificationReceiver" />
98-->src\main\AndroidManifest.xml:76:9-94
98-->src\main\AndroidManifest.xml:76:19-91
99
100        <service
100-->[:capacitor-push-notifications] AndroidManifest.xml:8:9-14:19
101            android:name="com.capacitorjs.plugins.pushnotifications.MessagingService"
101-->[:capacitor-push-notifications] AndroidManifest.xml:9:13-86
102            android:exported="false" >
102-->[:capacitor-push-notifications] AndroidManifest.xml:10:13-37
103            <intent-filter>
103-->[:capacitor-push-notifications] AndroidManifest.xml:11:13-13:29
104                <action android:name="com.google.firebase.MESSAGING_EVENT" />
104-->[:capacitor-push-notifications] AndroidManifest.xml:12:17-78
104-->[:capacitor-push-notifications] AndroidManifest.xml:12:25-75
105            </intent-filter>
106        </service>
107
108        <activity
108-->[:capacitor-browser] AndroidManifest.xml:14:9-18:75
109            android:name="com.capacitorjs.plugins.browser.BrowserControllerActivity"
109-->[:capacitor-browser] AndroidManifest.xml:15:13-85
110            android:exported="false"
110-->[:capacitor-browser] AndroidManifest.xml:16:13-37
111            android:launchMode="singleTask"
111-->[:capacitor-browser] AndroidManifest.xml:17:13-44
112            android:theme="@android:style/Theme.Translucent.NoTitleBar" />
112-->[:capacitor-browser] AndroidManifest.xml:18:13-72
113        <activity
113-->[com.google.android.gms:play-services-auth:18.1.0] AndroidManifest.xml:23:9-27:75
114            android:name="com.google.android.gms.auth.api.signin.internal.SignInHubActivity"
114-->[com.google.android.gms:play-services-auth:18.1.0] AndroidManifest.xml:24:13-93
115            android:excludeFromRecents="true"
115-->[com.google.android.gms:play-services-auth:18.1.0] AndroidManifest.xml:25:13-46
116            android:exported="false"
116-->[com.google.android.gms:play-services-auth:18.1.0] AndroidManifest.xml:26:13-37
117            android:theme="@android:style/Theme.Translucent.NoTitleBar" />
117-->[com.google.android.gms:play-services-auth:18.1.0] AndroidManifest.xml:27:13-72
118        <!--
119            Service handling Google Sign-In user revocation. For apps that do not integrate with
120            Google Sign-In, this service will never be started.
121        -->
122        <service
122-->[com.google.android.gms:play-services-auth:18.1.0] AndroidManifest.xml:33:9-37:51
123            android:name="com.google.android.gms.auth.api.signin.RevocationBoundService"
123-->[com.google.android.gms:play-services-auth:18.1.0] AndroidManifest.xml:34:13-89
124            android:exported="true"
124-->[com.google.android.gms:play-services-auth:18.1.0] AndroidManifest.xml:35:13-36
125            android:permission="com.google.android.gms.auth.api.signin.permission.REVOCATION_NOTIFICATION"
125-->[com.google.android.gms:play-services-auth:18.1.0] AndroidManifest.xml:36:13-107
126            android:visibleToInstantApps="true" />
126-->[com.google.android.gms:play-services-auth:18.1.0] AndroidManifest.xml:37:13-48
127
128        <receiver
128-->[com.google.firebase:firebase-messaging:23.2.1] AndroidManifest.xml:29:9-36:20
129            android:name="com.google.firebase.iid.FirebaseInstanceIdReceiver"
129-->[com.google.firebase:firebase-messaging:23.2.1] AndroidManifest.xml:30:13-78
130            android:exported="true"
130-->[com.google.firebase:firebase-messaging:23.2.1] AndroidManifest.xml:31:13-36
131            android:permission="com.google.android.c2dm.permission.SEND" >
131-->[com.google.firebase:firebase-messaging:23.2.1] AndroidManifest.xml:32:13-73
132            <intent-filter>
132-->[com.google.firebase:firebase-messaging:23.2.1] AndroidManifest.xml:33:13-35:29
133                <action android:name="com.google.android.c2dm.intent.RECEIVE" />
133-->[com.google.firebase:firebase-messaging:23.2.1] AndroidManifest.xml:34:17-81
133-->[com.google.firebase:firebase-messaging:23.2.1] AndroidManifest.xml:34:25-78
134            </intent-filter>
135        </receiver>
136        <!--
137             FirebaseMessagingService performs security checks at runtime,
138             but set to not exported to explicitly avoid allowing another app to call it.
139        -->
140        <service
140-->[com.google.firebase:firebase-messaging:23.2.1] AndroidManifest.xml:42:9-49:19
141            android:name="com.google.firebase.messaging.FirebaseMessagingService"
141-->[com.google.firebase:firebase-messaging:23.2.1] AndroidManifest.xml:43:13-82
142            android:directBootAware="true"
142-->[com.google.firebase:firebase-messaging:23.2.1] AndroidManifest.xml:44:13-43
143            android:exported="false" >
143-->[com.google.firebase:firebase-messaging:23.2.1] AndroidManifest.xml:45:13-37
144            <intent-filter android:priority="-500" >
144-->[:capacitor-push-notifications] AndroidManifest.xml:11:13-13:29
145                <action android:name="com.google.firebase.MESSAGING_EVENT" />
145-->[:capacitor-push-notifications] AndroidManifest.xml:12:17-78
145-->[:capacitor-push-notifications] AndroidManifest.xml:12:25-75
146            </intent-filter>
147        </service>
148        <service
148-->[com.google.firebase:firebase-messaging:23.2.1] AndroidManifest.xml:50:9-56:19
149            android:name="com.google.firebase.components.ComponentDiscoveryService"
149-->[com.google.firebase:firebase-messaging:23.2.1] AndroidManifest.xml:51:13-84
150            android:directBootAware="true"
150-->[com.google.firebase:firebase-common:20.3.1] AndroidManifest.xml:34:13-43
151            android:exported="false" >
151-->[com.google.firebase:firebase-messaging:23.2.1] AndroidManifest.xml:52:13-37
152            <meta-data
152-->[com.google.firebase:firebase-messaging:23.2.1] AndroidManifest.xml:53:13-55:85
153                android:name="com.google.firebase.components:com.google.firebase.messaging.FirebaseMessagingRegistrar"
153-->[com.google.firebase:firebase-messaging:23.2.1] AndroidManifest.xml:54:17-119
154                android:value="com.google.firebase.components.ComponentRegistrar" />
154-->[com.google.firebase:firebase-messaging:23.2.1] AndroidManifest.xml:55:17-82
155            <meta-data
155-->[com.google.firebase:firebase-datatransport:18.1.7] AndroidManifest.xml:27:13-29:85
156                android:name="com.google.firebase.components:com.google.firebase.datatransport.TransportRegistrar"
156-->[com.google.firebase:firebase-datatransport:18.1.7] AndroidManifest.xml:28:17-115
157                android:value="com.google.firebase.components.ComponentRegistrar" />
157-->[com.google.firebase:firebase-datatransport:18.1.7] AndroidManifest.xml:29:17-82
158            <meta-data
158-->[com.google.firebase:firebase-installations:17.1.3] AndroidManifest.xml:17:13-19:85
159                android:name="com.google.firebase.components:com.google.firebase.installations.FirebaseInstallationsRegistrar"
159-->[com.google.firebase:firebase-installations:17.1.3] AndroidManifest.xml:18:17-127
160                android:value="com.google.firebase.components.ComponentRegistrar" />
160-->[com.google.firebase:firebase-installations:17.1.3] AndroidManifest.xml:19:17-82
161        </service>
162
163        <provider
163-->[com.google.firebase:firebase-common:20.3.1] AndroidManifest.xml:25:9-30:39
164            android:name="com.google.firebase.provider.FirebaseInitProvider"
164-->[com.google.firebase:firebase-common:20.3.1] AndroidManifest.xml:26:13-77
165            android:authorities="app.soulo.online.firebaseinitprovider"
165-->[com.google.firebase:firebase-common:20.3.1] AndroidManifest.xml:27:13-72
166            android:directBootAware="true"
166-->[com.google.firebase:firebase-common:20.3.1] AndroidManifest.xml:28:13-43
167            android:exported="false"
167-->[com.google.firebase:firebase-common:20.3.1] AndroidManifest.xml:29:13-37
168            android:initOrder="100" />
168-->[com.google.firebase:firebase-common:20.3.1] AndroidManifest.xml:30:13-36
169
170        <activity
170-->[com.google.android.gms:play-services-base:18.0.1] AndroidManifest.xml:20:9-22:45
171            android:name="com.google.android.gms.common.api.GoogleApiActivity"
171-->[com.google.android.gms:play-services-base:18.0.1] AndroidManifest.xml:20:19-85
172            android:exported="false"
172-->[com.google.android.gms:play-services-base:18.0.1] AndroidManifest.xml:22:19-43
173            android:theme="@android:style/Theme.Translucent.NoTitleBar" />
173-->[com.google.android.gms:play-services-base:18.0.1] AndroidManifest.xml:21:19-78
174
175        <meta-data
175-->[com.google.android.gms:play-services-basement:18.1.0] AndroidManifest.xml:21:9-23:69
176            android:name="com.google.android.gms.version"
176-->[com.google.android.gms:play-services-basement:18.1.0] AndroidManifest.xml:22:13-58
177            android:value="@integer/google_play_services_version" />
177-->[com.google.android.gms:play-services-basement:18.1.0] AndroidManifest.xml:23:13-66
178
179        <provider
179-->[androidx.emoji2:emoji2:1.2.0] AndroidManifest.xml:24:9-32:20
180            android:name="androidx.startup.InitializationProvider"
180-->[androidx.emoji2:emoji2:1.2.0] AndroidManifest.xml:25:13-67
181            android:authorities="app.soulo.online.androidx-startup"
181-->[androidx.emoji2:emoji2:1.2.0] AndroidManifest.xml:26:13-68
182            android:exported="false" >
182-->[androidx.emoji2:emoji2:1.2.0] AndroidManifest.xml:27:13-37
183            <meta-data
183-->[androidx.emoji2:emoji2:1.2.0] AndroidManifest.xml:29:13-31:52
184                android:name="androidx.emoji2.text.EmojiCompatInitializer"
184-->[androidx.emoji2:emoji2:1.2.0] AndroidManifest.xml:30:17-75
185                android:value="androidx.startup" />
185-->[androidx.emoji2:emoji2:1.2.0] AndroidManifest.xml:31:17-49
186            <meta-data
186-->[androidx.lifecycle:lifecycle-process:2.6.1] AndroidManifest.xml:29:13-31:52
187                android:name="androidx.lifecycle.ProcessLifecycleInitializer"
187-->[androidx.lifecycle:lifecycle-process:2.6.1] AndroidManifest.xml:30:17-78
188                android:value="androidx.startup" />
188-->[androidx.lifecycle:lifecycle-process:2.6.1] AndroidManifest.xml:31:17-49
189            <meta-data
189-->[androidx.profileinstaller:profileinstaller:1.3.0] AndroidManifest.xml:29:13-31:52
190                android:name="androidx.profileinstaller.ProfileInstallerInitializer"
190-->[androidx.profileinstaller:profileinstaller:1.3.0] AndroidManifest.xml:30:17-85
191                android:value="androidx.startup" />
191-->[androidx.profileinstaller:profileinstaller:1.3.0] AndroidManifest.xml:31:17-49
192        </provider>
193
194        <uses-library
194-->[androidx.window:window:1.0.0] AndroidManifest.xml:25:9-27:40
195            android:name="androidx.window.extensions"
195-->[androidx.window:window:1.0.0] AndroidManifest.xml:26:13-54
196            android:required="false" />
196-->[androidx.window:window:1.0.0] AndroidManifest.xml:27:13-37
197        <uses-library
197-->[androidx.window:window:1.0.0] AndroidManifest.xml:28:9-30:40
198            android:name="androidx.window.sidecar"
198-->[androidx.window:window:1.0.0] AndroidManifest.xml:29:13-51
199            android:required="false" />
199-->[androidx.window:window:1.0.0] AndroidManifest.xml:30:13-37
200
201        <receiver
201-->[androidx.profileinstaller:profileinstaller:1.3.0] AndroidManifest.xml:34:9-52:20
202            android:name="androidx.profileinstaller.ProfileInstallReceiver"
202-->[androidx.profileinstaller:profileinstaller:1.3.0] AndroidManifest.xml:35:13-76
203            android:directBootAware="false"
203-->[androidx.profileinstaller:profileinstaller:1.3.0] AndroidManifest.xml:36:13-44
204            android:enabled="true"
204-->[androidx.profileinstaller:profileinstaller:1.3.0] AndroidManifest.xml:37:13-35
205            android:exported="true"
205-->[androidx.profileinstaller:profileinstaller:1.3.0] AndroidManifest.xml:38:13-36
206            android:permission="android.permission.DUMP" >
206-->[androidx.profileinstaller:profileinstaller:1.3.0] AndroidManifest.xml:39:13-57
207            <intent-filter>
207-->[androidx.profileinstaller:profileinstaller:1.3.0] AndroidManifest.xml:40:13-42:29
208                <action android:name="androidx.profileinstaller.action.INSTALL_PROFILE" />
208-->[androidx.profileinstaller:profileinstaller:1.3.0] AndroidManifest.xml:41:17-91
208-->[androidx.profileinstaller:profileinstaller:1.3.0] AndroidManifest.xml:41:25-88
209            </intent-filter>
210            <intent-filter>
210-->[androidx.profileinstaller:profileinstaller:1.3.0] AndroidManifest.xml:43:13-45:29
211                <action android:name="androidx.profileinstaller.action.SKIP_FILE" />
211-->[androidx.profileinstaller:profileinstaller:1.3.0] AndroidManifest.xml:44:17-85
211-->[androidx.profileinstaller:profileinstaller:1.3.0] AndroidManifest.xml:44:25-82
212            </intent-filter>
213            <intent-filter>
213-->[androidx.profileinstaller:profileinstaller:1.3.0] AndroidManifest.xml:46:13-48:29
214                <action android:name="androidx.profileinstaller.action.SAVE_PROFILE" />
214-->[androidx.profileinstaller:profileinstaller:1.3.0] AndroidManifest.xml:47:17-88
214-->[androidx.profileinstaller:profileinstaller:1.3.0] AndroidManifest.xml:47:25-85
215            </intent-filter>
216            <intent-filter>
216-->[androidx.profileinstaller:profileinstaller:1.3.0] AndroidManifest.xml:49:13-51:29
217                <action android:name="androidx.profileinstaller.action.BENCHMARK_OPERATION" />
217-->[androidx.profileinstaller:profileinstaller:1.3.0] AndroidManifest.xml:50:17-95
217-->[androidx.profileinstaller:profileinstaller:1.3.0] AndroidManifest.xml:50:25-92
218            </intent-filter>
219        </receiver>
220
221        <service
221-->[com.google.android.datatransport:transport-backend-cct:3.1.8] AndroidManifest.xml:28:9-34:19
222            android:name="com.google.android.datatransport.runtime.backends.TransportBackendDiscovery"
222-->[com.google.android.datatransport:transport-backend-cct:3.1.8] AndroidManifest.xml:29:13-103
223            android:exported="false" >
223-->[com.google.android.datatransport:transport-backend-cct:3.1.8] AndroidManifest.xml:30:13-37
224            <meta-data
224-->[com.google.android.datatransport:transport-backend-cct:3.1.8] AndroidManifest.xml:31:13-33:39
225                android:name="backend:com.google.android.datatransport.cct.CctBackendFactory"
225-->[com.google.android.datatransport:transport-backend-cct:3.1.8] AndroidManifest.xml:32:17-94
226                android:value="cct" />
226-->[com.google.android.datatransport:transport-backend-cct:3.1.8] AndroidManifest.xml:33:17-36
227        </service>
228        <service
228-->[com.google.android.datatransport:transport-runtime:3.1.8] AndroidManifest.xml:26:9-30:19
229            android:name="com.google.android.datatransport.runtime.scheduling.jobscheduling.JobInfoSchedulerService"
229-->[com.google.android.datatransport:transport-runtime:3.1.8] AndroidManifest.xml:27:13-117
230            android:exported="false"
230-->[com.google.android.datatransport:transport-runtime:3.1.8] AndroidManifest.xml:28:13-37
231            android:permission="android.permission.BIND_JOB_SERVICE" >
231-->[com.google.android.datatransport:transport-runtime:3.1.8] AndroidManifest.xml:29:13-69
232        </service>
233
234        <receiver
234-->[com.google.android.datatransport:transport-runtime:3.1.8] AndroidManifest.xml:32:9-34:40
235            android:name="com.google.android.datatransport.runtime.scheduling.jobscheduling.AlarmManagerSchedulerBroadcastReceiver"
235-->[com.google.android.datatransport:transport-runtime:3.1.8] AndroidManifest.xml:33:13-132
236            android:exported="false" />
236-->[com.google.android.datatransport:transport-runtime:3.1.8] AndroidManifest.xml:34:13-37
237    </application>
238
239</manifest>